time="2022-03-11T22:01:08Z" level=info msg="MAIN>> ============= Starting Teradata Kernel =============="
time="2022-03-11T22:01:08Z" level=info msg="Build ID = 3.2.0-ec02012022"
time="2022-03-11T22:01:08Z" level=info msg="Docker Mode =  docker"
time="2022-03-11T22:01:08Z" level=info msg="JupyterLab root directory = /home/jovyan/JupyterLabRoot"
time="2022-03-11T22:01:08Z" level=info msg="Teradata JupyterLab kernel config: /home/jovyan/.local/share/jupyter/runtime/kernel-81622186-6948-42bc-9eeb-81f85e5aa5ac.json"
time="2022-03-11T22:01:08Z" level=info msg="DBViews =  ViewsVX"
time="2022-03-11T22:01:08Z" level=info msg="RunKernel, KERNEL ID [81622186-6948-42bc-9eeb-81f85e5aa5ac]"
time="2022-03-11T22:01:08Z" level=info msg="==========================="
time="2022-03-11T22:01:08Z" level=info msg="[81622186-6948-42bc-9eeb-81f85e5aa5ac] ACCESS_TOKEN length = 0"
time="2022-03-11T22:01:08Z" level=info msg="[81622186-6948-42bc-9eeb-81f85e5aa5ac] SYSTEM_SERVICE_URL = ''"
time="2022-03-11T22:01:08Z" level=info msg="[81622186-6948-42bc-9eeb-81f85e5aa5ac] AUDIT_SERVICE_URL = ''"
time="2022-03-11T22:01:08Z" level=info msg="[81622186-6948-42bc-9eeb-81f85e5aa5ac] REFRESHER_SERVICE_HOST = ''"
time="2022-03-11T22:01:08Z" level=info msg="[81622186-6948-42bc-9eeb-81f85e5aa5ac] REFRESHER_SERVICE_PORT = ''"
time="2022-03-11T22:01:08Z" level=info msg="[81622186-6948-42bc-9eeb-81f85e5aa5ac] SQL_ENGINE_IP = ''"
time="2022-03-11T22:01:08Z" level=info msg="[81622186-6948-42bc-9eeb-81f85e5aa5ac] SITE_URL = ''"
time="2022-03-11T22:01:08Z" level=info msg="[81622186-6948-42bc-9eeb-81f85e5aa5ac] SQL_ENGINE_NAME = ''"
time="2022-03-11T22:01:08Z" level=info msg="==========================="
time="2022-03-11T22:02:07Z" level=info msg="Current profile user =  for profile = local, user = "
time="2022-03-11T22:02:07Z" level=info msg="jwtConnect = false, appcenter = false"
time="2022-03-11T22:02:07Z" level=info msg="connectionStr =  {\"host\":\"host.docker.internal\",\"user\":\"dbc\",\"password\":\"*****\",\"fake_result_sets\":\"true\", \"encryptdata\":\"true\"}"
time="2022-03-11T22:02:07Z" level=error msg="Unable to get last insert id: [Version 17.10.1] [Session 1006] [Teradata SQL Driver] Method driver.Result.LastInsertId is not implemented yet\n at github.td.teradata.com/gosql/dbapidriver/gopath/src/gosqldriver/teradatasql.(*teradataConnection).makeDriverError TeradataConnection.go:793\n at github.td.teradata.com/gosql/dbapidriver/gopath/src/gosqldriver/teradatasql.(*teradataResult).LastInsertId TeradataResult.go:57\n at database/sql.driverResult.LastInsertId sql.go:3378\n at github.td.teradata.com/jupyter/kernel/services/dbaccess.(*teradataStructuredSQLConnection).ExecuteSQL tddbaccess.go:574\n at github.td.teradata.com/jupyter/kernel/services/connectionmanagement.AddConnectionToMap connectionmanagementservice.go:1108\n at github.td.teradata.com/jupyter/kernel/services/connectionmanagement.getConnectResponse connectionmanagementservice.go:715\n at github.td.teradata.com/jupyter/kernel/services/connectionmanagement.(*Service).Connect.func1 connectionmanagementservice.go:475\n at github.td.teradata.com/jupyter/kernel/services/workerpool.(*Worker).Run workerpool.go:38\n at runtime.goexit asm_amd64.s:1581"
=info msg="[8cc07833-a03d-421c-9e63-0efc12b04fd0] SQL_ENGINE_NAME = ''"
time="2022-03-11T22:01:10Z" level=info msg="==========================="
time="2022-03-11T22:01:17Z" level=info msg="MAIN>> ============= Starting Teradata Kernel =============="
time="2022-03-11T22:01:17Z" level=info msg="Build ID = 3.2.0-ec02012022"
time="2022-03-11T22:01:17Z" level=info msg="Docker Mode =  docker"
time="2022-03-11T22:01:17Z" level=info msg="JupyterLab root directory = /home/jovyan/JupyterLabRoot"
time="2022-03-11T22:01:17Z" level=info msg="Teradata JupyterLab kernel config: /home/jovyan/.local/share/jupyter/runtime/kernel-f6456bda-ac11-4794-96bf-a3092a8a956f.json"
time="2022-03-11T22:01:17Z" level=info msg="DBViews =  ViewsVX"
time="2022-03-11T22:01:17Z" level=info msg="RunKernel, KERNEL ID [f6456bda-ac11-4794-96bf-a3092a8a956f]"
time="2022-03-11T22:01:17Z" level=info msg="==========================="
time="2022-03-11T22:01:17Z" level=info msg="[f6456bda-ac11-4794-96bf-a3092a8a956f] ACCESS_TOKEN length = 0"
time="2022-03-11T22:01:17Z" level=info msg="[f6456bda-ac11-4794-96bf-a3092a8a956f] SYSTEM_SERVICE_URL = ''"
time="2022-03-11T22:01:17Z" level=info msg="[f6456bda-ac11-4794-96bf-a3092a8a956f] AUDIT_SERVICE_URL = ''"
time="2022-03-11T22:01:17Z" level=info msg="[f6456bda-ac11-4794-96bf-a3092a8a956f] REFRESHER_SERVICE_HOST = ''"
time="2022-03-11T22:01:17Z" level=info msg="[f6456bda-ac11-4794-96bf-a3092a8a956f] REFRESHER_SERVICE_PORT = ''"
time="2022-03-11T22:01:17Z" level=info msg="[f6456bda-ac11-4794-96bf-a3092a8a956f] SQL_ENGINE_IP = ''"
time="2022-03-11T22:01:17Z" level=info msg="[f6456bda-ac11-4794-96bf-a3092a8a956f] SITE_URL = ''"
time="2022-03-11T22:01:17Z" level=info msg="[f6456bda-ac11-4794-96bf-a3092a8a956f] SQL_ENGINE_NAME = ''"
time="2022-03-11T22:01:17Z" level=info msg="==========================="
time="2022-03-11T22:02:13Z" level=info msg="Current profile user =  for profile = local, user = "
time="2022-03-11T22:02:13Z" level=info msg="jwtConnect = false, appcenter = false"
time="2022-03-11T22:02:14Z" level=info msg="jwtConnect = false, appcenter = false"
time="2022-03-11T22:02:14Z" level=info msg="connectionStr =  {\"host\":\"host.docker.internal\",\"user\":\"dbc\",\"password\":\"*****\",\"fake_result_sets\":\"true\", \"encryptdata\":\"true\"}"
time="2022-03-11T22:02:14Z" level=error msg="Unable to get last insert id: [Version 17.10.1] [Session 1009] [Teradata SQL Driver] Method driver.Result.LastInsertId is not implemented yet\n at github.td.teradata.com/gosql/dbapidriver/gopath/src/gosqldriver/teradatasql.(*teradataConnection).makeDriverError TeradataConnection.go:793\n at github.td.teradata.com/gosql/dbapidriver/gopath/src/gosqldriver/teradatasql.(*teradataResult).LastInsertId TeradataResult.go:57\n at database/sql.driverResult.LastInsertId sql.go:3378\n at github.td.teradata.com/jupyter/kernel/services/dbaccess.(*teradataStructuredSQLConnection).ExecuteSQL tddbaccess.go:574\n at github.td.teradata.com/jupyter/kernel/services/connectionmanagement.AddConnectionToMap connectionmanagementservice.go:1108\n at github.td.teradata.com/jupyter/kernel/services/connectionmanagement.getConnectResponse connectionmanagementservice.go:715\n at github.td.teradata.com/jupyter/kernel/services/connectionmanagement.(*Service).Connect.func1 connectionmanagementservice.go:475\n at github.td.teradata.com/jupyter/kernel/services/workerpool.(*Worker).Run workerpool.go:38\n at runtime.goexit asm_amd64.s:1581"
time="2022-03-11T22:03:26Z" level=info msg="MAIN>> ============= Starting Teradata Kernel =============="
time="2022-03-11T22:03:26Z" level=info msg="Build ID = 3.2.0-ec02012022"
time="2022-03-11T22:03:26Z" level=info msg="Docker Mode =  docker"
time="2022-03-11T22:03:26Z" level=info msg="JupyterLab root directory = /home/jovyan/JupyterLabRoot"
time="2022-03-11T22:03:26Z" level=info msg="Teradata JupyterLab kernel config: /home/jovyan/.local/share/jupyter/runtime/kernel-850d71b2-e2da-4e42-9184-5cef6cabbe45.json"
time="2022-03-11T22:03:26Z" level=info msg="DBViews =  ViewsVX"
time="2022-03-11T22:03:26Z" level=info msg="RunKernel, KERNEL ID [850d71b2-e2da-4e42-9184-5cef6cabbe45]"
time="2022-03-11T22:03:26Z" level=info msg="==========================="
time="2022-03-11T22:03:26Z" level=info msg="[850d71b2-e2da-4e42-9184-5cef6cabbe45] ACCESS_TOKEN length = 0"
time="2022-03-11T22:03:26Z" level=info msg="[850d71b2-e2da-4e42-9184-5cef6cabbe45] SYSTEM_SERVICE_URL = ''"
time="2022-03-11T22:03:26Z" level=info msg="[850d71b2-e2da-4e42-9184-5cef6cabbe45] AUDIT_SERVICE_URL = ''"
time="2022-03-11T22:03:26Z" level=info msg="[850d71b2-e2da-4e42-9184-5cef6cabbe45] REFRESHER_SERVICE_HOST = ''"
time="2022-03-11T22:03:26Z" level=info msg="[850d71b2-e2da-4e42-9184-5cef6cabbe45] REFRESHER_SERVICE_PORT = ''"
time="2022-03-11T22:03:26Z" level=info msg="[850d71b2-e2da-4e42-9184-5cef6cabbe45] SQL_ENGINE_IP = ''"
time="2022-03-11T22:03:26Z" level=info msg="[850d71b2-e2da-4e42-9184-5cef6cabbe45] SITE_URL = ''"
time="2022-03-11T22:03:26Z" level=info msg="[850d71b2-e2da-4e42-9184-5cef6cabbe45] SQL_ENGINE_NAME = ''"
time="2022-03-11T22:03:26Z" level=info msg="==========================="
time="2022-03-11T22:03:26Z" level=info msg="MAIN>> ============= Starting Teradata Kernel =============="
time="2022-03-11T22:03:26Z" level=info msg="Build ID = 3.2.0-ec02012022"
time="2022-03-11T22:03:26Z" level=info msg="Docker Mode =  docker"
time="2022-03-11T22:03:26Z" level=info msg="JupyterLab root directory = /home/jovyan/JupyterLabRoot"
time="2022-03-11T22:03:26Z" level=info msg="Teradata JupyterLab kernel config: /home/jovyan/.local/share/jupyter/runtime/kernel-56e45109-ba86-4786-9427-ff333592f4d4.json"
time="2022-03-11T22:03:26Z" level=info msg="DBViews =  ViewsVX"
time="2022-03-11T22:03:26Z" level=info msg="RunKernel, KERNEL ID [56e45109-ba86-4786-9427-ff333592f4d4]"
time="2022-03-11T22:03:26Z" level=info msg="==========================="
time="2022-03-11T22:03:26Z" level=info msg="[56e45109-ba86-4786-9427-ff333592f4d4] ACCESS_TOKEN length = 0"
time="2022-03-11T22:03:26Z" level=info msg="[56e45109-ba86-4786-9427-ff333592f4d4] SYSTEM_SERVICE_URL = ''"
time="2022-03-11T22:03:26Z" level=info msg="[56e45109-ba86-4786-9427-ff333592f4d4] AUDIT_SERVICE_URL = ''"
time="2022-03-11T22:03:26Z" level=info msg="[56e45109-ba86-4786-9427-ff333592f4d4] REFRESHER_SERVICE_HOST = ''"
time="2022-03-11T22:03:26Z" level=info msg="[56e45109-ba86-4786-9427-ff333592f4d4] REFRESHER_SERVICE_PORT = ''"
time="2022-03-11T22:03:26Z" level=info msg="[56e45109-ba86-4786-9427-ff333592f4d4] SQL_ENGINE_IP = ''"
time="2022-03-11T22:03:26Z" level=info msg="[56e45109-ba86-4786-9427-ff333592f4d4] SITE_URL = ''"
time="2022-03-11T22:03:26Z" level=info msg="[56e45109-ba86-4786-9427-ff333592f4d4] SQL_ENGINE_NAME = ''"
time="2022-03-11T22:03:26Z" level=info msg="==========================="
time="2022-03-11T22:03:34Z" level=info msg="MAIN>> ============= Starting Teradata Kernel =============="
time="2022-03-11T22:03:34Z" level=info msg="Build ID = 3.2.0-ec02012022"
time="2022-03-11T22:03:34Z" level=info msg="Docker Mode =  docker"
time="2022-03-11T22:03:34Z" level=info msg="JupyterLab root directory = /home/jovyan/JupyterLabRoot"
time="2022-03-11T22:03:34Z" level=info msg="Teradata JupyterLab kernel config: /home/jovyan/.local/share/jupyter/runtime/kernel-03584fa2-c821-4bba-9239-c23982fa72d6.json"
time="2022-03-11T22:03:34Z" level=info msg="DBViews =  ViewsVX"
time="2022-03-11T22:03:34Z" level=info msg="RunKernel, KERNEL ID [03584fa2-c821-4bba-9239-c23982fa72d6]"
time="2022-03-11T22:03:34Z" level=info msg="==========================="
time="2022-03-11T22:03:34Z" level=info msg="[03584fa2-c821-4bba-9239-c23982fa72d6] ACCESS_TOKEN length = 0"
time="2022-03-11T22:03:34Z" level=info msg="[03584fa2-c821-4bba-9239-c23982fa72d6] SYSTEM_SERVICE_URL = ''"
time="2022-03-11T22:03:34Z" level=info msg="[03584fa2-c821-4bba-9239-c23982fa72d6] AUDIT_SERVICE_URL = ''"
time="2022-03-11T22:03:34Z" level=info msg="[03584fa2-c821-4bba-9239-c23982fa72d6] REFRESHER_SERVICE_HOST = ''"
time="2022-03-11T22:03:34Z" level=info msg="[03584fa2-c821-4bba-9239-c23982fa72d6] REFRESHER_SERVICE_PORT = ''"
time="2022-03-11T22:03:34Z" level=info msg="[03584fa2-c821-4bba-9239-c23982fa72d6] SQL_ENGINE_IP = ''"
time="2022-03-11T22:03:34Z" level=info msg="[03584fa2-c821-4bba-9239-c23982fa72d6] SITE_URL = ''"
time="2022-03-11T22:03:34Z" level=info msg="[03584fa2-c821-4bba-9239-c23982fa72d6] SQL_ENGINE_NAME = ''"
time="2022-03-11T22:03:34Z" level=info msg="==========================="
